2023-05-11T11:35:07+00:00 CRITICAL Uncaught TypeError: method_exists(): Argument #1 ($object_or_class) must be of type object|string, null given in C:\xampp\htdocs\wordpress\wp-content\plugins\woocommerce-products-designer\includes\class-wpd-design.php:2188
Stack trace:
#0 C:\xampp\htdocs\wordpress\wp-content\plugins\woocommerce-products-designer\includes\class-wpd-design.php(2188): method_exists(NULL, 'has_session')
#1 C:\xampp\htdocs\wordpress\wp-includes\class-wp-hook.php(308): WPD_Design->init_sessions('')
#2 C:\xampp\htdocs\wordpress\wp-includes\class-wp-hook.php(332): WP_Hook->apply_filters(NULL, Array)
#3 C:\xampp\htdocs\wordpress\wp-includes\plugin.php(517): WP_Hook->do_action(Array)
#4 C:\xampp\htdocs\wordpress\wp-settings.php(623): do_action('init')
#5 C:\xampp\htdocs\wordpress\wp-config.php(96): require_once('C:\\xampp\\htdocs...')
#6 C:\xampp\htdocs\wordpress\wp-load.php(50): require_once('C:\\xampp\\htdocs...')
#7 C:\xampp\htdocs\wordpress\wp-admin\admin.php(34): require_once('C:\\xampp\\htdocs...')
#8 C:\xampp\htdocs\wordpress\wp-admin\plugins.php(10): require_once('C:\\xampp\\htdocs...')
#9 {main}
  thrown in C:\xampp\htdocs\wordpress\wp-content\plugins\woocommerce-products-designer\includes\class-wpd-design.php on line 2188

2023-05-11T11:35:28+00:00 CRITICAL Uncaught TypeError: method_exists(): Argument #1 ($object_or_class) must be of type object|string, null given in C:\xampp\htdocs\wordpress\wp-content\plugins\woocommerce-products-designer\includes\class-wpd-design.php:2188
Stack trace:
#0 C:\xampp\htdocs\wordpress\wp-content\plugins\woocommerce-products-designer\includes\class-wpd-design.php(2188): method_exists(NULL, 'has_session')
#1 C:\xampp\htdocs\wordpress\wp-includes\class-wp-hook.php(308): WPD_Design->init_sessions('')
#2 C:\xampp\htdocs\wordpress\wp-includes\class-wp-hook.php(332): WP_Hook->apply_filters(NULL, Array)
#3 C:\xampp\htdocs\wordpress\wp-includes\plugin.php(517): WP_Hook->do_action(Array)
#4 C:\xampp\htdocs\wordpress\wp-settings.php(623): do_action('init')
#5 C:\xampp\htdocs\wordpress\wp-config.php(96): require_once('C:\\xampp\\htdocs...')
#6 C:\xampp\htdocs\wordpress\wp-load.php(50): require_once('C:\\xampp\\htdocs...')
#7 C:\xampp\htdocs\wordpress\wp-admin\admin.php(34): require_once('C:\\xampp\\htdocs...')
#8 C:\xampp\htdocs\wordpress\wp-admin\plugin-install.php(16): require_once('C:\\xampp\\htdocs...')
#9 {main}
  thrown in C:\xampp\htdocs\wordpress\wp-content\plugins\woocommerce-products-designer\includes\class-wpd-design.php on line 2188

2023-05-11T11:35:31+00:00 CRITICAL Uncaught TypeError: method_exists(): Argument #1 ($object_or_class) must be of type object|string, null given in C:\xampp\htdocs\wordpress\wp-content\plugins\woocommerce-products-designer\includes\class-wpd-design.php:2188
Stack trace:
#0 C:\xampp\htdocs\wordpress\wp-content\plugins\woocommerce-products-designer\includes\class-wpd-design.php(2188): method_exists(NULL, 'has_session')
#1 C:\xampp\htdocs\wordpress\wp-includes\class-wp-hook.php(308): WPD_Design->init_sessions('')
#2 C:\xampp\htdocs\wordpress\wp-includes\class-wp-hook.php(332): WP_Hook->apply_filters(NULL, Array)
#3 C:\xampp\htdocs\wordpress\wp-includes\plugin.php(517): WP_Hook->do_action(Array)
#4 C:\xampp\htdocs\wordpress\wp-settings.php(623): do_action('init')
#5 C:\xampp\htdocs\wordpress\wp-config.php(96): require_once('C:\\xampp\\htdocs...')
#6 C:\xampp\htdocs\wordpress\wp-load.php(50): require_once('C:\\xampp\\htdocs...')
#7 C:\xampp\htdocs\wordpress\wp-admin\admin.php(34): require_once('C:\\xampp\\htdocs...')
#8 C:\xampp\htdocs\wordpress\wp-admin\plugins.php(10): require_once('C:\\xampp\\htdocs...')
#9 {main}
  thrown in C:\xampp\htdocs\wordpress\wp-content\plugins\woocommerce-products-designer\includes\class-wpd-design.php on line 2188

2023-05-11T11:35:47+00:00 CRITICAL Uncaught TypeError: method_exists(): Argument #1 ($object_or_class) must be of type object|string, null given in C:\xampp\htdocs\wordpress\wp-content\plugins\woocommerce-products-designer\includes\class-wpd-design.php:2188
Stack trace:
#0 C:\xampp\htdocs\wordpress\wp-content\plugins\woocommerce-products-designer\includes\class-wpd-design.php(2188): method_exists(NULL, 'has_session')
#1 C:\xampp\htdocs\wordpress\wp-includes\class-wp-hook.php(308): WPD_Design->init_sessions('')
#2 C:\xampp\htdocs\wordpress\wp-includes\class-wp-hook.php(332): WP_Hook->apply_filters(NULL, Array)
#3 C:\xampp\htdocs\wordpress\wp-includes\plugin.php(517): WP_Hook->do_action(Array)
#4 C:\xampp\htdocs\wordpress\wp-settings.php(623): do_action('init')
#5 C:\xampp\htdocs\wordpress\wp-config.php(96): require_once('C:\\xampp\\htdocs...')
#6 C:\xampp\htdocs\wordpress\wp-load.php(50): require_once('C:\\xampp\\htdocs...')
#7 C:\xampp\htdocs\wordpress\wp-cron.php(46): require_once('C:\\xampp\\htdocs...')
#8 {main}
  thrown in C:\xampp\htdocs\wordpress\wp-content\plugins\woocommerce-products-designer\includes\class-wpd-design.php on line 2188

2023-05-11T11:35:52+00:00 CRITICAL Uncaught TypeError: method_exists(): Argument #1 ($object_or_class) must be of type object|string, null given in C:\xampp\htdocs\wordpress\wp-content\plugins\woocommerce-products-designer\includes\class-wpd-design.php:2188
Stack trace:
#0 C:\xampp\htdocs\wordpress\wp-content\plugins\woocommerce-products-designer\includes\class-wpd-design.php(2188): method_exists(NULL, 'has_session')
#1 C:\xampp\htdocs\wordpress\wp-includes\class-wp-hook.php(308): WPD_Design->init_sessions('')
#2 C:\xampp\htdocs\wordpress\wp-includes\class-wp-hook.php(332): WP_Hook->apply_filters(NULL, Array)
#3 C:\xampp\htdocs\wordpress\wp-includes\plugin.php(517): WP_Hook->do_action(Array)
#4 C:\xampp\htdocs\wordpress\wp-settings.php(623): do_action('init')
#5 C:\xampp\htdocs\wordpress\wp-config.php(96): require_once('C:\\xampp\\htdocs...')
#6 C:\xampp\htdocs\wordpress\wp-load.php(50): require_once('C:\\xampp\\htdocs...')
#7 C:\xampp\htdocs\wordpress\wp-admin\admin.php(34): require_once('C:\\xampp\\htdocs...')
#8 C:\xampp\htdocs\wordpress\wp-admin\index.php(10): require_once('C:\\xampp\\htdocs...')
#9 {main}
  thrown in C:\xampp\htdocs\wordpress\wp-content\plugins\woocommerce-products-designer\includes\class-wpd-design.php on line 2188

